[2024-08-15 21:41:08] [ INFO ] [BD:27] datos cargados con exito
[2024-08-15 21:42:19] [ INFO ] [PacienteDAOH2:110] iniciando las operaciones de busqueda de : helen@helen.com
[2024-08-15 21:42:19] [ ERROR] [PacienteDAOH2:126] Error en la conexion: Conversión de datos fallida, convirtiendo "helen@helen.com"
Data conversion error converting "helen@helen.com"; SQL statement:
SELECT * FROM PACIENTES WHERE ID=? [22018-224]
[2024-08-15 21:42:19] [ WARN ] [PacienteDAOH2:131] busqueda sin resultados coincidentesnull
[2024-08-15 21:44:46] [ INFO ] [BD:27] datos cargados con exito
[2024-08-15 21:45:05] [ INFO ] [PacienteDAOH2:110] iniciando las operaciones de busqueda de : helen@helen.com
[2024-08-15 21:45:05] [ INFO ] [DomicilioDAOH2:49] iniciando las operaciones de : busqueda de un domicilio con ID: 2
[2024-08-15 21:45:05] [ INFO ] [PacienteDAOH2:129] busqueda exitosa: helen@helen.comNombre y Apellido: Helen Vasquez
[2024-08-15 21:48:23] [ INFO ] [BD:27] datos cargados con exito
[2024-08-15 21:48:37] [ INFO ] [PacienteDAOH2:110] iniciando las operaciones de busqueda de : helen@helen.com
[2024-08-15 21:48:37] [ INFO ] [DomicilioDAOH2:49] iniciando las operaciones de : busqueda de un domicilio con ID: 2
[2024-08-15 21:48:37] [ INFO ] [PacienteDAOH2:129] busqueda exitosa:  Nombre y Apellido: Helen Vasquez
[2024-08-15 21:48:49] [ INFO ] [PacienteDAOH2:110] iniciando las operaciones de busqueda de : julian@julian.com
[2024-08-15 21:48:49] [ INFO ] [DomicilioDAOH2:49] iniciando las operaciones de : busqueda de un domicilio con ID: 1
[2024-08-15 21:48:49] [ INFO ] [PacienteDAOH2:129] busqueda exitosa:  Nombre y Apellido: Julian Espinoza
[2024-08-15 21:49:04] [ INFO ] [PacienteDAOH2:110] iniciando las operaciones de busqueda de : julian@ju
[2024-08-15 21:49:04] [ WARN ] [PacienteDAOH2:131] busqueda sin resultados coincidentesnull
[2024-08-15 21:52:27] [ INFO ] [BD:27] datos cargados con exito
[2024-08-15 21:52:36] [ INFO ] [PacienteDAOH2:110] iniciando las operaciones de busqueda de : julian@ju
[2024-08-15 21:52:36] [ WARN ] [PacienteDAOH2:131] busqueda sin resultados coincidentes: null
[2024-08-15 22:10:46] [ INFO ] [BD:27] datos cargados con exito
[2024-08-15 22:12:04] [ INFO ] [PacienteDAOH2:110] iniciando las operaciones de busqueda de : julian@julian.com
[2024-08-15 22:12:04] [ INFO ] [DomicilioDAOH2:49] iniciando las operaciones de : busqueda de un domicilio con ID: 1
[2024-08-15 22:12:04] [ INFO ] [PacienteDAOH2:129] busqueda exitosa:  Nombre y Apellido: Julian Espinoza
[2024-08-15 22:27:15] [ INFO ] [BD:27] datos cargados con exito
[2024-08-15 22:27:33] [ INFO ] [PacienteDAOH2:110] iniciando las operaciones de busqueda de : julian@julian.com
[2024-08-15 22:27:33] [ INFO ] [DomicilioDAOH2:49] iniciando las operaciones de : busqueda de un domicilio con ID: 1
[2024-08-15 22:27:33] [ INFO ] [PacienteDAOH2:129] busqueda exitosa:  Nombre y Apellido: Julian Espinoza
[2024-08-15 22:33:12] [ INFO ] [BD:27] datos cargados con exito
[2024-08-15 22:33:19] [ INFO ] [PacienteDAOH2:110] iniciando las operaciones de busqueda de : julian@julian.com
[2024-08-15 22:33:19] [ INFO ] [DomicilioDAOH2:49] iniciando las operaciones de : busqueda de un domicilio con ID: 1
[2024-08-15 22:33:19] [ INFO ] [PacienteDAOH2:129] busqueda exitosa:  Nombre y Apellido: Julian Espinoza
[2024-08-15 22:35:30] [ ERROR] [BD:29] error inesperado: La base de datos puede que ya esté siendo utilizada: "C:/Users/Edu/ClinicaOdontologicaC2.mv.db". Soluciones Posibles: cierre todas las otras conexiones; use el modo server
Database may be already in use: "C:/Users/Edu/ClinicaOdontologicaC2.mv.db". Possible solutions: close all other connection(s); use the server mode [90020-224]
[2024-08-15 22:36:07] [ INFO ] [PacienteDAOH2:110] iniciando las operaciones de busqueda de : julian@julian.com
[2024-08-15 22:36:07] [ ERROR] [PacienteDAOH2:126] Error en la conexion: La base de datos puede que ya esté siendo utilizada: "C:/Users/Edu/ClinicaOdontologicaC2.mv.db". Soluciones Posibles: cierre todas las otras conexiones; use el modo server
Database may be already in use: "C:/Users/Edu/ClinicaOdontologicaC2.mv.db". Possible solutions: close all other connection(s); use the server mode [90020-224]
[2024-08-15 22:36:07] [ WARN ] [PacienteDAOH2:131] busqueda sin resultados coincidentes: null
[2024-08-15 22:36:25] [ INFO ] [PacienteDAOH2:110] iniciando las operaciones de busqueda de : julian@julian.com
[2024-08-15 22:36:25] [ ERROR] [PacienteDAOH2:126] Error en la conexion: La base de datos puede que ya esté siendo utilizada: "C:/Users/Edu/ClinicaOdontologicaC2.mv.db". Soluciones Posibles: cierre todas las otras conexiones; use el modo server
Database may be already in use: "C:/Users/Edu/ClinicaOdontologicaC2.mv.db". Possible solutions: close all other connection(s); use the server mode [90020-224]
[2024-08-15 22:36:25] [ WARN ] [PacienteDAOH2:131] busqueda sin resultados coincidentes: null
[2024-08-15 22:36:26] [ INFO ] [PacienteDAOH2:110] iniciando las operaciones de busqueda de : julian@julian.com
[2024-08-15 22:36:26] [ ERROR] [PacienteDAOH2:126] Error en la conexion: La base de datos puede que ya esté siendo utilizada: "C:/Users/Edu/ClinicaOdontologicaC2.mv.db". Soluciones Posibles: cierre todas las otras conexiones; use el modo server
Database may be already in use: "C:/Users/Edu/ClinicaOdontologicaC2.mv.db". Possible solutions: close all other connection(s); use the server mode [90020-224]
[2024-08-15 22:36:26] [ WARN ] [PacienteDAOH2:131] busqueda sin resultados coincidentes: null
[2024-08-15 22:37:09] [ INFO ] [PacienteDAOH2:110] iniciando las operaciones de busqueda de : julian@julian.com
[2024-08-15 22:37:09] [ ERROR] [PacienteDAOH2:126] Error en la conexion: La base de datos puede que ya esté siendo utilizada: "C:/Users/Edu/ClinicaOdontologicaC2.mv.db". Soluciones Posibles: cierre todas las otras conexiones; use el modo server
Database may be already in use: "C:/Users/Edu/ClinicaOdontologicaC2.mv.db". Possible solutions: close all other connection(s); use the server mode [90020-224]
[2024-08-15 22:37:09] [ WARN ] [PacienteDAOH2:131] busqueda sin resultados coincidentes: null
[2024-08-15 22:37:14] [ ERROR] [BD:29] error inesperado: La base de datos puede que ya esté siendo utilizada: "C:/Users/Edu/ClinicaOdontologicaC2.mv.db". Soluciones Posibles: cierre todas las otras conexiones; use el modo server
Database may be already in use: "C:/Users/Edu/ClinicaOdontologicaC2.mv.db". Possible solutions: close all other connection(s); use the server mode [90020-224]
[2024-08-15 22:37:19] [ INFO ] [PacienteDAOH2:110] iniciando las operaciones de busqueda de : julian@julian.com
[2024-08-15 22:37:19] [ ERROR] [PacienteDAOH2:126] Error en la conexion: La base de datos puede que ya esté siendo utilizada: "C:/Users/Edu/ClinicaOdontologicaC2.mv.db". Soluciones Posibles: cierre todas las otras conexiones; use el modo server
Database may be already in use: "C:/Users/Edu/ClinicaOdontologicaC2.mv.db". Possible solutions: close all other connection(s); use the server mode [90020-224]
[2024-08-15 22:37:19] [ WARN ] [PacienteDAOH2:131] busqueda sin resultados coincidentes: null
[2024-08-15 22:37:39] [ INFO ] [PacienteDAOH2:110] iniciando las operaciones de busqueda de : julian@julian.com
[2024-08-15 22:37:39] [ INFO ] [DomicilioDAOH2:49] iniciando las operaciones de : busqueda de un domicilio con ID: 1
[2024-08-15 22:37:39] [ INFO ] [PacienteDAOH2:129] busqueda exitosa:  Nombre y Apellido: Julian Espinoza
[2024-08-15 23:01:33] [ INFO ] [PacienteDAOH2:110] iniciando las operaciones de busqueda de : julian@julian.com
[2024-08-15 23:01:33] [ INFO ] [DomicilioDAOH2:49] iniciando las operaciones de : busqueda de un domicilio con ID: 1
[2024-08-15 23:01:33] [ INFO ] [PacienteDAOH2:129] busqueda exitosa:  Nombre y Apellido: Julian Espinoza
[2024-08-15 23:07:18] [ INFO ] [BD:27] datos cargados con exito
[2024-08-15 23:07:38] [ INFO ] [OdontologoDAOH2:101] iniciando las operaciones de : busqueda  de un odontologo con ID: 1
[2024-08-15 23:07:38] [ ERROR] [OdontologoDAOH2:116] problemas con la BDTabla "ODONTOLOGOS" no encontrada
Table "ODONTOLOGOS" not found; SQL statement:
SELECT * FROM ODONTOLOGOS WHERE ID=? [42102-224]
[2024-08-15 23:14:06] [ INFO ] [BD:30] datos cargados con exito
[2024-08-15 23:14:10] [ INFO ] [OdontologoDAOH2:101] iniciando las operaciones de : busqueda  de un odontologo con ID: 1
[2024-08-15 23:14:10] [ ERROR] [OdontologoDAOH2:116] problemas con la BDTabla "ODONTOLOGOS" no encontrada
Table "ODONTOLOGOS" not found; SQL statement:
SELECT * FROM ODONTOLOGOS WHERE ID=? [42102-224]
[2024-08-15 23:15:55] [ INFO ] [BD:31] datos cargados con exito
[2024-08-15 23:16:00] [ INFO ] [OdontologoDAOH2:101] iniciando las operaciones de : busqueda  de un odontologo con ID: 1
[2024-08-15 23:19:10] [ ERROR] [BD:34] error inesperado: Error de Sintaxis en sentencia SQL "INSERT INTO PACIENTES (NOMBRE, APELLIDO, CEDULA, FECHA_INGRESO, DOMICILIO_ID, EMAIL) VALUES('Julian','Espinoza','234455667','2024-08-08',1,'julian@julian.com'),('Helen','Vasquez','3445666','2024-07-20',2,'helen@helen.com')[*]INSERT INTO ODONTOLOGOS (MATRICULA, NOMBRE, APELLIDO) VALUES('100','Juanito','Espinoza'),('101','Alfredito','Contreras'); "
Syntax error in SQL statement "INSERT INTO PACIENTES (NOMBRE, APELLIDO, CEDULA, FECHA_INGRESO, DOMICILIO_ID, EMAIL) VALUES('Julian','Espinoza','234455667','2024-08-08',1,'julian@julian.com'),('Helen','Vasquez','3445666','2024-07-20',2,'helen@helen.com')[*]INSERT INTO ODONTOLOGOS (MATRICULA, NOMBRE, APELLIDO) VALUES('100','Juanito','Espinoza'),('101','Alfredito','Contreras'); "; SQL statement:
INSERT INTO PACIENTES (NOMBRE, APELLIDO, CEDULA, FECHA_INGRESO, DOMICILIO_ID, EMAIL) VALUES('Julian','Espinoza','234455667','2024-08-08',1,'julian@julian.com'),('Helen','Vasquez','3445666','2024-07-20',2,'helen@helen.com')INSERT INTO ODONTOLOGOS (MATRICULA, NOMBRE, APELLIDO) VALUES('100','Juanito','Espinoza'),('101','Alfredito','Contreras');  [42000-224]
[2024-08-15 23:19:14] [ INFO ] [OdontologoDAOH2:101] iniciando las operaciones de : busqueda  de un odontologo con ID: 1
[2024-08-15 23:23:27] [ ERROR] [BD:34] error inesperado: Error de Sintaxis en sentencia SQL "INSERT INTO PACIENTES (NOMBRE, APELLIDO, CEDULA, FECHA_INGRESO, DOMICILIO_ID, EMAIL) VALUES('Julian','Espinoza','234455667','2024-08-08',1,'julian@julian.com'),('Helen','Vasquez','3445666','2024-07-20',2,'helen@helen.com')[*]INSERT INTO ODONTOLOGOS (MATRICULA, NOMBRE, APELLIDO) VALUES('100','Juanito','Espinoza'),('101','Alfredito','Contreras'); "
Syntax error in SQL statement "INSERT INTO PACIENTES (NOMBRE, APELLIDO, CEDULA, FECHA_INGRESO, DOMICILIO_ID, EMAIL) VALUES('Julian','Espinoza','234455667','2024-08-08',1,'julian@julian.com'),('Helen','Vasquez','3445666','2024-07-20',2,'helen@helen.com')[*]INSERT INTO ODONTOLOGOS (MATRICULA, NOMBRE, APELLIDO) VALUES('100','Juanito','Espinoza'),('101','Alfredito','Contreras'); "; SQL statement:
INSERT INTO PACIENTES (NOMBRE, APELLIDO, CEDULA, FECHA_INGRESO, DOMICILIO_ID, EMAIL) VALUES('Julian','Espinoza','234455667','2024-08-08',1,'julian@julian.com'),('Helen','Vasquez','3445666','2024-07-20',2,'helen@helen.com')INSERT INTO ODONTOLOGOS (MATRICULA, NOMBRE, APELLIDO) VALUES('100','Juanito','Espinoza'),('101','Alfredito','Contreras');  [42000-224]
[2024-08-15 23:24:11] [ INFO ] [BD:31] datos cargados con exito
[2024-08-15 23:25:08] [ INFO ] [BD:32] datos cargados con exito
[2024-08-15 23:25:13] [ INFO ] [OdontologoDAOH2:101] iniciando las operaciones de : busqueda  de un odontologo con ID: 1
[2024-08-20 21:08:33] [ INFO ] [BD:32] datos cargados con exito
[2024-08-20 21:08:41] [ INFO ] [PacienteDAOH2:19] iniciando las operaciones de : guardado de: Jose
[2024-08-20 21:08:41] [ INFO ] [DomicilioDAOH2:21] iniciando las operaciones de : guardado de un domicilio: null
[2024-08-20 21:08:41] [ INFO ] [DomicilioDAOH2:35] domicilio persistido con exito
[2024-08-20 21:08:41] [ INFO ] [PacienteDAOH2:40] paciente registrado: ID: null con domicilio asignado: 3
[2024-08-20 21:12:05] [ INFO ] [BD:32] datos cargados con exito
[2024-08-20 21:12:10] [ INFO ] [PacienteDAOH2:19] iniciando las operaciones de : guardado de: Jose
[2024-08-20 21:12:10] [ INFO ] [DomicilioDAOH2:21] iniciando las operaciones de : guardado de un domicilio: null
[2024-08-20 21:12:10] [ INFO ] [DomicilioDAOH2:35] domicilio persistido con exito
[2024-08-20 21:12:10] [ INFO ] [PacienteDAOH2:41] paciente registrado: ID: 3 con domicilio asignado: 3
[2024-08-20 21:13:38] [ INFO ] [BD:32] datos cargados con exito
[2024-08-20 21:13:40] [ INFO ] [PacienteDAOH2:19] iniciando las operaciones de : guardado de: Jose
[2024-08-20 21:13:40] [ INFO ] [DomicilioDAOH2:21] iniciando las operaciones de : guardado de un domicilio: null
[2024-08-20 21:13:40] [ INFO ] [DomicilioDAOH2:35] domicilio persistido con exito
[2024-08-20 21:13:40] [ INFO ] [PacienteDAOH2:41] paciente registrado: ID: 3 con domicilio asignado: 3
